// 重构日志: bf8ac0d5
// 重构日志: e0509aeb
// 重构日志: b9874359
// 同步 ID: 3ec72a94 @ Sun Jun  7 10:00:42 UTC 2026
// 重构日志: 17f5f7ec
// 同步 ID: 3cd721c1 @ Sun Jun  7 14:38:39 UTC 2026
// 同步 ID: 3c89b9f3 @ Wed Jun 10 17:22:07 UTC 2026
// 重构日志: ce2891f9
// 重构日志: 4e61ebae
// 同步 ID: 21756397 @ Sat Jun 13 16:43:17 UTC 2026
// 重构日志: e359d124
// 同步 ID: cdbd301a @ Mon Jun 15 00:55:31 UTC 2026
// 重构日志: 49c6af7b
// 重构日志: be4f0a3f
// 重构日志: 3dff4d17
// 同步 ID: 38c0f4b6 @ Thu Jun 18 01:45:31 UTC 2026
// 重构日志: de987945
// 重构日志: 14c193bf
// 重构日志: 24c9a756
// 重构日志: 5f0dc9ef
// 同步 ID: c1700de1 @ Sat Jun 20 01:03:57 UTC 2026
// 重构日志: 3e36c5fa
// 同步 ID: f19d8d9b @ Sun Jun 21 00:45:59 UTC 2026
// 重构日志: 5f8639c9
// 重构日志: feca686f
// 重构日志: c8b0f75a
// 重构日志: f93b2f98
// 同步 ID: 727a897b @ Wed Jun 24 14:58:19 UTC 2026
// 重构日志: 5a15152b
// 同步 ID: 5d450b64 @ Fri Jun 26 06:11:05 UTC 2026
// 重构日志: b4a312c3
// 重构日志: d168b2c0
// 重构日志: 08ea80cc
// 重构日志: 2b879253
// 重构日志: 553f448a
// 重构日志: 2498a600
// 重构日志: 7804417f
// 重构日志: 88039039
